<?xml version="1.0" encoding="UTF-8"?>
<testsuite name="org.mycompany.bankocr.OcrFileReaderTest" tests="16" skipped="0" failures="0" errors="0" timestamp="2014-12-22T04:17:20" hostname="Scotts-MacBook-Pro-2.local" time="0.083">
  <properties/>
  <testcase name="test valid checksum" classname="org.mycompany.bankocr.OcrFileReaderTest" time="0.011"/>
  <testcase name="test computing checksum for #accountNumber is #valid" classname="org.mycompany.bankocr.OcrFileReaderTest" time="0.008"/>
  <testcase name="test reading accounts from a file with one account" classname="org.mycompany.bankocr.OcrFileReaderTest" time="0.023"/>
  <testcase name="test reading accounts from a file with many accounts" classname="org.mycompany.bankocr.OcrFileReaderTest" time="0.007"/>
  <testcase name="Convert OCR Digit version of 000000000" classname="org.mycompany.bankocr.OcrFileReaderTest" time="0.002"/>
  <testcase name="Convert OCR Digit version of 111111111" classname="org.mycompany.bankocr.OcrFileReaderTest" time="0.002"/>
  <testcase name="Convert OCR Digit version of 222222222" classname="org.mycompany.bankocr.OcrFileReaderTest" time="0.002"/>
  <testcase name="Convert OCR Digit version of 333333333" classname="org.mycompany.bankocr.OcrFileReaderTest" time="0.002"/>
  <testcase name="Convert OCR Digit version of 444444444" classname="org.mycompany.bankocr.OcrFileReaderTest" time="0.002"/>
  <testcase name="Convert OCR Digit version of 555555555" classname="org.mycompany.bankocr.OcrFileReaderTest" time="0.002"/>
  <testcase name="Convert OCR Digit version of 666666666" classname="org.mycompany.bankocr.OcrFileReaderTest" time="0.002"/>
  <testcase name="Convert OCR Digit version of 777777777" classname="org.mycompany.bankocr.OcrFileReaderTest" time="0.003"/>
  <testcase name="Convert OCR Digit version of 888888888" classname="org.mycompany.bankocr.OcrFileReaderTest" time="0.002"/>
  <testcase name="Convert OCR Digit version of 999999999" classname="org.mycompany.bankocr.OcrFileReaderTest" time="0.002"/>
  <testcase name="Convert OCR Digit version of 123456789" classname="org.mycompany.bankocr.OcrFileReaderTest" time="0.002"/>
  <testcase name="Parse continuous line of OCR characters into collection of 9 distinct ocr segments " classname="org.mycompany.bankocr.OcrFileReaderTest" time="0.007"/>
  <system-out><![CDATA[acc 0  idx 1  acct: 111111117
acc 1  idx 2  acct: 11111117
acc 3  idx 3  acct: 1111117
acc 6  idx 4  acct: 111117
acc 10  idx 5  acct: 11117
acc 15  idx 6  acct: 1117
acc 21  idx 7  acct: 117
acc 28  idx 8  acct: 17
acc 36  idx 9  acct: 7
acc 99  idx 10  acct: 
acc 0  idx 1  acct: 111111117
acc 1  idx 2  acct: 11111117
acc 3  idx 3  acct: 1111117
acc 6  idx 4  acct: 111117
acc 10  idx 5  acct: 11117
acc 15  idx 6  acct: 1117
acc 21  idx 7  acct: 117
acc 28  idx 8  acct: 17
acc 36  idx 9  acct: 7
acc 99  idx 10  acct: 
acc 0  idx 1  acct: 987654321
acc 9  idx 2  acct: 87654321
acc 25  idx 3  acct: 7654321
acc 46  idx 4  acct: 654321
acc 70  idx 5  acct: 54321
acc 95  idx 6  acct: 4321
acc 119  idx 7  acct: 321
acc 140  idx 8  acct: 21
acc 156  idx 9  acct: 1
acc 165  idx 10  acct: 
acc 0  idx 1  acct: 517768094
acc 5  idx 2  acct: 17768094
acc 7  idx 3  acct: 7768094
acc 28  idx 4  acct: 768094
acc 56  idx 5  acct: 68094
acc 86  idx 6  acct: 8094
acc 134  idx 7  acct: 094
acc 134  idx 8  acct: 94
acc 206  idx 9  acct: 4
acc 242  idx 10  acct: 
acc 0  idx 1  acct: 888888888
acc 8  idx 2  acct: 88888888
acc 24  idx 3  acct: 8888888
acc 48  idx 4  acct: 888888
acc 80  idx 5  acct: 88888
acc 120  idx 6  acct: 8888
acc 168  idx 7  acct: 888
acc 224  idx 8  acct: 88
acc 288  idx 9  acct: 8
acc 360  idx 10  acct: 
acc 0  idx 1  acct: 517760094
acc 5  idx 2  acct: 17760094
acc 7  idx 3  acct: 7760094
acc 28  idx 4  acct: 760094
acc 56  idx 5  acct: 60094
acc 86  idx 6  acct: 0094
acc 86  idx 7  acct: 094
acc 86  idx 8  acct: 94
acc 158  idx 9  acct: 4
acc 194  idx 10  acct: 
acc 0  idx 1  acct: 876543210
acc 8  idx 2  acct: 76543210
acc 22  idx 3  acct: 6543210
acc 40  idx 4  acct: 543210
acc 60  idx 5  acct: 43210
acc 80  idx 6  acct: 3210
acc 98  idx 7  acct: 210
acc 112  idx 8  acct: 10
acc 120  idx 9  acct: 0
acc 120  idx 10  acct: 
lines.size() = 4
lines.size() = 20
]]></system-out>
  <system-err><![CDATA[]]></system-err>
</testsuite>
